
ROM used:   147/8192 (2%)
            147/8192 (2%) including unused fragments

            0.2 Average locations per line
            2.9 Average locations per statement

RAM used:   6/368 (2%) at main() level
            8/368 (2%) worst case

Stack used: 1 worst case (1 in main + 0 for interrupts)
Stack size: 8

Lines Stmts  %   Files
----- ----- ---  -----
   85    50 100  Practica 7.c
  751     0   0  ..\..\..\..\..\..\..\..\..\..\Program Files\PICC\Devices\16F886.h
----- -----
  836    50 Total

Page ROM  %  RAM   Vol Diff  Functions:
---- --- --- ---   --- ----  ----------
0     13   9    1             @delay_ms1
0    110  75    1  1681  6.4  main
0     20  14    0             @const617
 Inline         0             @cinit1

Program metrics:
    Functions               1
    Statements              50
    Comments                162
    Volume (V)              1690
    Difficulty (D)          6.3
    Effort to implement (E) 10588
    Time to implement (T)   10 minutes
    Est Delivered Bugs (B)  0
    Cyclomatic Complexity   12
    Maintainability (MI)    104

 Segment     Used  Free
-----------  ----  ----
00000-00003     4  0  
00004-007FF   143  1901  
00800-00FFF     0  2048  
01000-017FF     0  2048  
01800-01FFF     0  2048  



