
ROM used:   1967/8192 (24%)
            1967/8192 (24%) including unused fragments

            2.0 Average locations per line
            20.5 Average locations per statement

RAM used:   9/368 (2%) at main() level
            42/368 (11%) worst case

Stack used: 5 worst case (5 in main + 0 for interrupts)
Stack size: 8

Lines Stmts  %   Files
----- ----- ---  -----
   59    33  34  Practica 10.c
  751     0   0  ..\..\..\..\..\..\..\..\..\..\Program Files (x86)\PICC\Devices\16F886.h
  180    63  66  ..\..\..\..\..\..\..\..\..\..\Program Files (x86)\PICC\Drivers\lcd1.c
----- -----
  990    96 Total

Page ROM  %  RAM   Vol Diff  Functions:
---- --- --- ---   --- ----  ----------
0     21   1    1             @delay_ms1
0      8   0    0             @const620
 Inline         3   463  4.3  lcd_read_byte
0     12   1    1   134  2.2  lcd_send_nibble
0     58   3    3   317  4.3  lcd_send_byte
0     44   2    2   422  4.7  lcd_init
0     18   1    4   186  5.5  lcd_gotoxy
0     36   2    1   272  4.1  lcd_putc
0    335  17    4  1303  7.1  MAIN
0      3   0    0             @const654
0     86   4    4             @PSTRINGC7_641
0     10   1    0             @const656
0     87   4    5             @PSTRINGCN7_641
0     21   1    3             @DIV88
0     53   3    2             @PRINTF_U_641
0      3   0    0             @const665
0     10   1    0             @const666
0     87   4    6             @PRINTF_D_641
0     39   2    2             @MUL88
0      3   0    0             @const673
0     10   1    0             @const674
0     29   1    2             @ITOF
0    204  10   14             @DIVFF
0      3   0    0             @const681
0     11   1    0             @const682
 Inline        13             @MULFF
 Inline        16             @ADDFF
 Inline         5             @FTOSD
0     79   4   13             @DIV3232
0    693  35   13             @PRINTF_L32D_641FPFPFR
 Inline         0             @cinit1

Program metrics:
    Functions               7
    Statements              96
    Comments                199
    Volume (V)              4517
    Difficulty (D)          29.7
    Effort to implement (E) 134087
    Time to implement (T)   2 hours, 4 minutes
    Est Delivered Bugs (B)  1
    Cyclomatic Complexity   11
    Maintainability (MI)    141

 Segment     Used  Free
-----------  ----  ----
00000-00003     4  0  
00004-007FF  1963  81  
00800-00FFF     0  2048  
01000-017FF     0  2048  
01800-01FFF     0  2048  



