
ROM used:   1550/8192 (19%)
            1550/8192 (19%) including unused fragments

            1.6 Average locations per line
            20.4 Average locations per statement

RAM used:   6/368 (2%) at main() level
            41/368 (11%) worst case

Stack used: 5 worst case (5 in main + 0 for interrupts)
Stack size: 8

Lines Stmts  %   Files
----- ----- ---  -----
   34    13  17  Practica 12.c
  751     0   0  ..\..\..\..\..\..\..\..\..\..\Program Files (x86)\PICC\Devices\16F886.h
  180    63  83  ..\..\..\..\..\..\..\..\..\..\Program Files (x86)\PICC\Drivers\lcd1.c
----- -----
  965    76 Total

Page ROM  %  RAM   Vol Diff  Functions:
---- --- --- ---   --- ----  ----------
0     21   1    1             @delay_ms1
0      8   1    0             @const620
 Inline         3   463  4.3  lcd_read_byte
0     12   1    1   134  2.2  lcd_send_nibble
0     58   4    3   317  4.3  lcd_send_byte
0     44   3    2   422  4.7  lcd_init
0     18   1    4   186  5.5  lcd_gotoxy
0     36   2    1   272  4.1  lcd_putc
0    172  11    1   515  4.7  MAIN
0     31   2    2             @ITOF
0    117   8   13             @MULFF
0      3   0    0             @const658
0     88   6    4             @PSTRINGC7_641
0     17   1    0             @const660
0     87   6    5             @PSTRINGCN7_641
0     21   1    3             @DIV88
0     55   4    2             @PRINTF_U_641
0    101   7    9             @PRINTF_LU_641
 Inline        16             @ADDFF
 Inline         5             @FTOSD
0     79   5   13             @DIV3232
0    578  37   13             @PRINTF_L32D_641FPFPFR
 Inline         0             @cinit1

Program metrics:
    Functions               7
    Statements              76
    Comments                194
    Volume (V)              3517
    Difficulty (D)          27.6
    Effort to implement (E) 97130
    Time to implement (T)   1 hours, 30 minutes
    Est Delivered Bugs (B)  1
    Cyclomatic Complexity   7
    Maintainability (MI)    148

 Segment     Used  Free
-----------  ----  ----
00000-00003     4  0  
00004-007FF  1546  498  
00800-00FFF     0  2048  
01000-017FF     0  2048  
01800-01FFF     0  2048  



